SF:lib\model\dbaccess.dart
DA:10,2
DA:29,2
DA:30,12
DA:31,10
DA:32,2
DA:34,2
DA:35,6
DA:38,6
DA:50,2
DA:51,6
DA:52,2
DA:53,8
DA:57,2
DA:59,8
DA:60,2
DA:61,4
DA:63,4
DA:70,2
DA:71,6
DA:73,8
DA:74,2
DA:76,8
DA:77,4
DA:82,2
DA:83,8
DA:84,6
DA:85,2
DA:86,4
DA:91,2
DA:92,6
DA:93,2
DA:94,2
DA:95,8
DA:101,2
DA:102,8
DA:103,4
DA:104,6
DA:106,4
DA:107,6
DA:109,6
DA:110,2
DA:112,6
DA:113,4
DA:122,2
DA:123,6
DA:125,8
DA:126,2
DA:128,8
DA:129,4
DA:134,4
DA:137,2
DA:138,6
DA:139,6
DA:143,2
DA:144,6
DA:148,2
DA:149,4
DA:153,6
LF:58
LH:58
end_of_record
SF:lib\model\timetable.dart
DA:6,2
DA:13,2
DA:17,0
DA:42,0
DA:44,0
DA:45,0
DA:46,0
DA:47,0
DA:48,0
DA:49,0
DA:50,0
DA:55,2
DA:57,2
DA:58,2
DA:59,2
DA:60,2
DA:61,2
DA:62,4
DA:67,4
DA:68,2
DA:69,2
DA:70,2
DA:71,2
DA:72,2
DA:73,4
DA:76,0
DA:83,0
DA:85,0
DA:103,0
DA:104,0
LF:30
LH:16
end_of_record
SF:lib\model\titletable.dart
DA:3,2
DA:4,2
DA:16,0
DA:19,6
DA:22,2
DA:23,6
LF:6
LH:5
end_of_record
